Determining if the pthread_create exist failed with the following output:
Change Dir: /homes/c/cheny248/ece1782/cuda_conv/conv_cudnn/cudnn_build/CMakeFiles/CMakeTmp

Run Build Command:"/usr/bin/make" "cmTC_bc83f/fast"
/usr/bin/make -f CMakeFiles/cmTC_bc83f.dir/build.make CMakeFiles/cmTC_bc83f.dir/build
make[1]: Entering directory '/nfs/ug/homes-2/c/cheny248/ece1782/cuda_conv/conv_cudnn/cudnn_build/CMakeFiles/CMakeTmp'
Building C object CMakeFiles/cmTC_bc83f.dir/CheckSymbolExists.c.o
/usr/bin/cc    -fPIC    -o CMakeFiles/cmTC_bc83f.dir/CheckSymbolExists.c.o   -c /homes/c/cheny248/ece1782/cuda_conv/conv_cudnn/cudnn_build/CMakeFiles/CMakeTmp/CheckSymbolExists.c
Linking C executable cmTC_bc83f
/usr/bin/cmake -E cmake_link_script CMakeFiles/cmTC_bc83f.dir/link.txt --verbose=1
/usr/bin/cc  -fPIC     CMakeFiles/cmTC_bc83f.dir/CheckSymbolExists.c.o  -o cmTC_bc83f -rdynamic 
CMakeFiles/cmTC_bc83f.dir/CheckSymbolExists.c.o: In function `main':
CheckSymbolExists.c:(.text+0x1b): undefined reference to `pthread_create'
collect2: error: ld returned 1 exit status
CMakeFiles/cmTC_bc83f.dir/build.make:97: recipe for target 'cmTC_bc83f' failed
make[1]: *** [cmTC_bc83f] Error 1
make[1]: Leaving directory '/nfs/ug/homes-2/c/cheny248/ece1782/cuda_conv/conv_cudnn/cudnn_build/CMakeFiles/CMakeTmp'
Makefile:126: recipe for target 'cmTC_bc83f/fast' failed
make: *** [cmTC_bc83f/fast] Error 2

File /homes/c/cheny248/ece1782/cuda_conv/conv_cudnn/cudnn_build/CMakeFiles/CMakeTmp/CheckSymbolExists.c:
/* */
#include <pthread.h>

int main(int argc, char** argv)
{
  (void)argv;
#ifndef pthread_create
  return ((int*)(&pthread_create))[argc];
#else
  (void)argc;
  return 0;
#endif
}

Determining if the function pthread_create exists in the pthreads failed with the following output:
Change Dir: /homes/c/cheny248/ece1782/cuda_conv/conv_cudnn/cudnn_build/CMakeFiles/CMakeTmp

Run Build Command:"/usr/bin/make" "cmTC_7c24f/fast"
/usr/bin/make -f CMakeFiles/cmTC_7c24f.dir/build.make CMakeFiles/cmTC_7c24f.dir/build
make[1]: Entering directory '/nfs/ug/homes-2/c/cheny248/ece1782/cuda_conv/conv_cudnn/cudnn_build/CMakeFiles/CMakeTmp'
Building C object CMakeFiles/cmTC_7c24f.dir/CheckFunctionExists.c.o
/usr/bin/cc    -fPIC -DCHECK_FUNCTION_EXISTS=pthread_create   -o CMakeFiles/cmTC_7c24f.dir/CheckFunctionExists.c.o   -c /usr/share/cmake-3.7/Modules/CheckFunctionExists.c
Linking C executable cmTC_7c24f
/usr/bin/cmake -E cmake_link_script CMakeFiles/cmTC_7c24f.dir/link.txt --verbose=1
/usr/bin/cc  -fPIC -DCHECK_FUNCTION_EXISTS=pthread_create    CMakeFiles/cmTC_7c24f.dir/CheckFunctionExists.c.o  -o cmTC_7c24f -rdynamic -lpthreads 
/usr/bin/ld: cannot find -lpthreads
collect2: error: ld returned 1 exit status
CMakeFiles/cmTC_7c24f.dir/build.make:97: recipe for target 'cmTC_7c24f' failed
make[1]: *** [cmTC_7c24f] Error 1
make[1]: Leaving directory '/nfs/ug/homes-2/c/cheny248/ece1782/cuda_conv/conv_cudnn/cudnn_build/CMakeFiles/CMakeTmp'
Makefile:126: recipe for target 'cmTC_7c24f/fast' failed
make: *** [cmTC_7c24f/fast] Error 2


